2014/10/20 08:50:38 [error] [exception.CDbException] SQLSTATE[28000] [1045] Access denied for user 'root'@'localhost' (using password: YES)
2014/10/22 09:44:20 [error] [exception.CHttpException.404] exception 'CHttpException' with message 'Unable to resolve the request "images/loading.gif".' in /var/www/chive/yii/web/CWebApplication.php:328
Stack trace:
#0 /var/www/chive/yii/web/CWebApplication.php(121): CWebApplication->runController('images/loading....')
#1 /var/www/chive/yii/base/CApplication.php(135): CWebApplication->processRequest()
#2 /var/www/chive/index.php(105): CApplication->run()
#3 {main} REQUEST_URI=/chive/index.php/images/loading.gif
2014/10/22 13:37:36 [error] [exception.CHttpException.404] exception 'CHttpException' with message 'Unable to resolve the request "images/loading.gif".' in /var/www/chive/yii/web/CWebApplication.php:328
Stack trace:
#0 /var/www/chive/yii/web/CWebApplication.php(121): CWebApplication->runController('images/loading....')
#1 /var/www/chive/yii/base/CApplication.php(135): CWebApplication->processRequest()
#2 /var/www/chive/index.php(105): CApplication->run()
#3 {main} REQUEST_URI=/chive/index.php/images/loading.gif
2014/10/24 08:37:42 [error] [system.db.CDbCommand] Error in executing SQL: TRUNCATE TABLE `users`;
2014/10/24 08:37:57 [error] [system.db.CDbCommand] Error in executing SQL: TRUNCATE TABLE `users`;
2014/10/24 08:38:23 [error] [system.db.CDbCommand] Error in executing SQL: DELETE FROM `users` WHERE 
	`id` = '5'
LIMIT 1;
2014/10/24 08:45:07 [error] [system.db.CDbCommand] Error in executing SQL: DROP TABLE `users`;
2014/10/24 08:45:11 [error] [system.db.CDbCommand] Error in executing SQL: DELETE FROM `users` WHERE 
	`id` = '3'
LIMIT 1;
2014/10/24 09:10:18 [error] [system.db.CDbCommand] Error in executing SQL: DELETE FROM `users` WHERE 
	`id` = '4'
LIMIT 1;
2014/10/24 12:21:57 [error] [system.db.CDbCommand] Error in executing SQL: DELETE FROM `users` WHERE 
	`id` = '5'
LIMIT 1;
2014/10/27 08:07:29 [error] [system.db.CDbCommand] Error in executing SQL: DELETE FROM `users` WHERE 
	`id` = '6'
LIMIT 1;
2014/10/27 08:09:08 [error] [system.db.CDbCommand] Error in executing SQL: DELETE FROM `users` WHERE 
	`id` = '11'
LIMIT 1;
2014/10/27 12:31:28 [error] [system.db.CDbCommand] Error in executing SQL: DELETE FROM `users` WHERE 
	`id` = '9'
LIMIT 1;
2014/10/27 12:31:36 [error] [system.db.CDbCommand] Error in executing SQL: 
2014/10/27 12:33:20 [error] [exception.CHttpException.404] exception 'CHttpException' with message 'Unable to resolve the request "images/loading.gif".' in /var/www/chive/yii/web/CWebApplication.php:328
Stack trace:
#0 /var/www/chive/yii/web/CWebApplication.php(121): CWebApplication->runController('images/loading....')
#1 /var/www/chive/yii/base/CApplication.php(135): CWebApplication->processRequest()
#2 /var/www/chive/index.php(105): CApplication->run()
#3 {main} REQUEST_URI=/chive/index.php/images/loading.gif
2014/12/04 13:48:35 [error] [exception.CDbException] SQLSTATE[28000] [1045] Access denied for user 'root'@'localhost' (using password: YES)
2014/12/05 08:59:20 [error] [exception.CDbException] SQLSTATE[28000] [1045] Access denied for user 'root'@'localhost' (using password: YES)
2014/12/05 10:45:45 [error] [exception.CDbException] SQLSTATE[HY000] [2003] Can't connect to MySQL server on 'l4blog.mysql.eu1.frbit.com' (4)
2014/12/05 10:46:15 [error] [exception.CDbException] SQLSTATE[HY000] [2003] Can't connect to MySQL server on 'l4blog.mysql.eu1.frbit.com' (4)
2014/12/05 10:46:45 [error] [exception.CDbException] SQLSTATE[HY000] [2003] Can't connect to MySQL server on 'l4blog.mysql.eu1.frbit.com' (4)
2014/12/05 10:47:15 [error] [exception.CDbException] SQLSTATE[HY000] [2003] Can't connect to MySQL server on 'l4blog.mysql.eu1.frbit.com' (4)
2014/12/05 10:47:28 [error] [exception.CDbException] SQLSTATE[28000] [1045] Access denied for user 'root'@'localhost' (using password: YES)
2014/12/05 10:48:04 [error] [exception.CDbException] SQLSTATE[HY000] [2003] Can't connect to MySQL server on 'l4blog.mysql.eu1.frbit.com' (4)
2014/12/05 10:48:04 [error] [exception.CDbException] SQLSTATE[28000] [1045] Access denied for user 'root'@'localhost' (using password: YES)
2014/12/05 10:48:04 [error] [exception.CDbException] SQLSTATE[28000] [1045] Access denied for user 'root'@'localhost' (using password: YES)
2014/12/05 10:48:04 [error] [exception.CDbException] SQLSTATE[28000] [1045] Access denied for user 'root'@'localhost' (using password: YES)
2014/12/05 10:48:04 [error] [exception.CDbException] SQLSTATE[28000] [1045] Access denied for user 'root'@'localhost' (using password: YES)
2014/12/05 10:48:04 [error] [exception.CDbException] SQLSTATE[28000] [1045] Access denied for user 'root'@'localhost' (using password: YES)
2014/12/05 10:48:04 [error] [exception.CDbException] SQLSTATE[28000] [1045] Access denied for user 'root'@'localhost' (using password: YES)
2014/12/05 10:48:04 [error] [exception.CDbException] SQLSTATE[28000] [1045] Access denied for user 'root'@'localhost' (using password: YES)
2014/12/05 10:48:04 [error] [exception.CDbException] SQLSTATE[28000] [1045] Access denied for user 'root'@'localhost' (using password: YES)
2014/12/05 10:48:34 [error] [exception.CDbException] SQLSTATE[HY000] [2003] Can't connect to MySQL server on 'l4blog.mysql.eu1.frbit.com' (4)
2014/12/05 10:49:04 [error] [exception.CDbException] SQLSTATE[HY000] [2003] Can't connect to MySQL server on 'l4blog.mysql.eu1.frbit.com' (4)
2014/12/05 10:49:35 [error] [exception.CDbException] SQLSTATE[HY000] [2003] Can't connect to MySQL server on 'l4blog.mysql.eu1.frbit.com' (4)
2014/12/05 10:49:35 [error] [exception.CDbException] SQLSTATE[28000] [1045] Access denied for user 'root'@'localhost' (using password: YES)
2014/12/05 10:49:35 [error] [exception.CDbException] SQLSTATE[28000] [1045] Access denied for user 'root'@'localhost' (using password: YES)
2014/12/05 10:51:36 [error] [exception.CDbException] SQLSTATE[HY000] [2003] Can't connect to MySQL server on 'l4blog.mysql.eu1.frbit.com' (4)
2014/12/05 10:53:21 [error] [exception.CDbException] SQLSTATE[HY000] [2003] Can't connect to MySQL server on 'l4blog.mysql.eu1.frbit.com' (4)
2014/12/18 11:57:37 [error] [exception.CHttpException.404] exception 'CHttpException' with message 'Unable to resolve the request "images/loading.gif".' in /var/www/chive/yii/web/CWebApplication.php:328
Stack trace:
#0 /var/www/chive/yii/web/CWebApplication.php(121): CWebApplication->runController('images/loading....')
#1 /var/www/chive/yii/base/CApplication.php(135): CWebApplication->processRequest()
#2 /var/www/chive/index.php(105): CApplication->run()
#3 {main} REQUEST_URI=/index.php/images/loading.gif
2014/12/18 12:33:17 [error] [exception.CHttpException.404] exception 'CHttpException' with message 'Unable to resolve the request "images/loading.gif".' in /var/www/chive/yii/web/CWebApplication.php:328
Stack trace:
#0 /var/www/chive/yii/web/CWebApplication.php(121): CWebApplication->runController('images/loading....')
#1 /var/www/chive/yii/base/CApplication.php(135): CWebApplication->processRequest()
#2 /var/www/chive/index.php(105): CApplication->run()
#3 {main} REQUEST_URI=/index.php/images/loading.gif
2014/12/18 12:35:03 [error] [exception.CHttpException.404] exception 'CHttpException' with message 'Unable to resolve the request "images/loading.gif".' in /var/www/chive/yii/web/CWebApplication.php:328
Stack trace:
#0 /var/www/chive/yii/web/CWebApplication.php(121): CWebApplication->runController('images/loading....')
#1 /var/www/chive/yii/base/CApplication.php(135): CWebApplication->processRequest()
#2 /var/www/chive/index.php(105): CApplication->run()
#3 {main} REQUEST_URI=/index.php/images/loading.gif
2015/01/05 08:10:33 [error] [system.db.CDbCommand] Error in executing SQL: DROP TABLE `categories`;
2015/01/05 08:10:33 [error] [system.db.CDbCommand] Error in executing SQL: DROP TABLE `customers`;
2015/01/05 08:10:33 [error] [system.db.CDbCommand] Error in executing SQL: DROP TABLE `reports`;
2015/01/05 08:10:33 [error] [system.db.CDbCommand] Error in executing SQL: DROP TABLE `shop_types`;
2015/01/05 08:10:33 [error] [system.db.CDbCommand] Error in executing SQL: DROP TABLE `users`;
2015/01/05 08:11:24 [error] [exception.CHttpException.404] exception 'CHttpException' with message 'Unable to resolve the request "images/loading.gif".' in /var/www/chive/yii/web/CWebApplication.php:328
Stack trace:
#0 /var/www/chive/yii/web/CWebApplication.php(121): CWebApplication->runController('images/loading....')
#1 /var/www/chive/yii/base/CApplication.php(135): CWebApplication->processRequest()
#2 /var/www/chive/index.php(105): CApplication->run()
#3 {main} REQUEST_URI=/index.php/images/loading.gif
2015/01/05 09:16:04 [error] [exception.CHttpException.404] exception 'CHttpException' with message 'Unable to resolve the request "images/loading.gif".' in /var/www/chive/yii/web/CWebApplication.php:328
Stack trace:
#0 /var/www/chive/yii/web/CWebApplication.php(121): CWebApplication->runController('images/loading....')
#1 /var/www/chive/yii/base/CApplication.php(135): CWebApplication->processRequest()
#2 /var/www/chive/index.php(105): CApplication->run()
#3 {main} REQUEST_URI=/index.php/images/loading.gif
2015/01/05 10:35:59 [error] [exception.CHttpException.404] exception 'CHttpException' with message 'Unable to resolve the request "images/loading.gif".' in /var/www/chive/yii/web/CWebApplication.php:328
Stack trace:
#0 /var/www/chive/yii/web/CWebApplication.php(121): CWebApplication->runController('images/loading....')
#1 /var/www/chive/yii/base/CApplication.php(135): CWebApplication->processRequest()
#2 /var/www/chive/index.php(105): CApplication->run()
#3 {main} REQUEST_URI=/index.php/images/loading.gif
2015/01/05 13:29:17 [error] [system.db.CDbCommand] Error in executing SQL: TRUNCATE TABLE `customers`;
2015/01/05 13:29:25 [error] [system.db.CDbCommand] Error in executing SQL: TRUNCATE TABLE `customers`;
2015/01/16 13:12:55 [error] [exception.CHttpException.404] exception 'CHttpException' with message 'Unable to resolve the request "images/loading.gif".' in /var/www/chive/yii/web/CWebApplication.php:328
Stack trace:
#0 /var/www/chive/yii/web/CWebApplication.php(121): CWebApplication->runController('images/loading....')
#1 /var/www/chive/yii/base/CApplication.php(135): CWebApplication->processRequest()
#2 /var/www/chive/index.php(105): CApplication->run()
#3 {main} REQUEST_URI=/index.php/images/loading.gif
